  Compiling CUDA source file kernel.cu...
  Compiling CUDA source file main.cu...
  
  c:\Users\administrator\documents\visual studio 2015\Projects\gpuProgramming\Section2>"C:\Program Files\NVIDIA GPU Computing Toolkit\CUDA\v9.0\bin\nvcc.exe" -gencode=arch=compute_30,code=\"sm_30,compute_30\" --use-local-env --cl-version 2015 -ccbin "D:\VisualStudio\VC\bin\x86_amd64" -x cu  -I"C:\Program Files\NVIDIA GPU Computing Toolkit\CUDA\v9.0\include" -I"C:\Program Files\NVIDIA GPU Computing Toolkit\CUDA\v9.0\include"  -G   --keep-dir x64\Debug -maxrregcount=0  --machine 64 --compile -cudart static -Xcompiler "/openmp" -g   -DWIN32 -DWIN64 -D_DEBUG -D_CONSOLE -D_MBCS -Xcompiler "/EHsc /W3 /nologo /Od /FS /Zi /RTC1 /MDd " -o x64\Debug\kernel.cu.obj "c:\Users\administrator\documents\visual studio 2015\Projects\gpuProgramming\Section2\kernel.cu" 
  
  c:\Users\administrator\documents\visual studio 2015\Projects\gpuProgramming\Section2>"C:\Program Files\NVIDIA GPU Computing Toolkit\CUDA\v9.0\bin\nvcc.exe" -gencode=arch=compute_30,code=\"sm_30,compute_30\" --use-local-env --cl-version 2015 -ccbin "D:\VisualStudio\VC\bin\x86_amd64" -x cu  -I"C:\Program Files\NVIDIA GPU Computing Toolkit\CUDA\v9.0\include" -I"C:\Program Files\NVIDIA GPU Computing Toolkit\CUDA\v9.0\include"  -G   --keep-dir x64\Debug -maxrregcount=0  --machine 64 --compile -cudart static -Xcompiler "/openmp" -g   -DWIN32 -DWIN64 -D_DEBUG -D_CONSOLE -D_MBCS -Xcompiler "/EHsc /W3 /nologo /Od /FS /Zi /RTC1 /MDd " -o x64\Debug\main.cu.obj "c:\Users\administrator\documents\visual studio 2015\Projects\gpuProgramming\Section2\main.cu" 
c:\program files\nvidia gpu computing toolkit\cuda\v9.0\include\crt\math_functions.h : warning C4819: 현재 코드 페이지(949)에서 표시할 수 없는 문자가 파일에 들어 있습니다. 데이터가 손실되지 않게 하려면 해당 파일을 유니코드 형식으로 저장하십시오.
c:\program files\nvidia gpu computing toolkit\cuda\v9.0\include\crt\math_functions.h(838): warning C4819: 현재 코드 페이지(949)에서 표시할 수 없는 문자가 파일에 들어 있습니다. 데이터가 손실되지 않게 하려면 해당 파일을 유니코드 형식으로 저장하십시오.
c:\program files\nvidia gpu computing toolkit\cuda\v9.0\include\crt\math_functions.h(1772): warning C4819: 현재 코드 페이지(949)에서 표시할 수 없는 문자가 파일에 들어 있습니다. 데이터가 손실되지 않게 하려면 해당 파일을 유니코드 형식으로 저장하십시오.
c:\program files\nvidia gpu computing toolkit\cuda\v9.0\include\crt\math_functions.h(2628): warning C4819: 현재 코드 페이지(949)에서 표시할 수 없는 문자가 파일에 들어 있습니다. 데이터가 손실되지 않게 하려면 해당 파일을 유니코드 형식으로 저장하십시오.
c:\program files\nvidia gpu computing toolkit\cuda\v9.0\include\crt\math_functions.h(3477): warning C4819: 현재 코드 페이지(949)에서 표시할 수 없는 문자가 파일에 들어 있습니다. 데이터가 손실되지 않게 하려면 해당 파일을 유니코드 형식으로 저장하십시오.
c:\program files\nvidia gpu computing toolkit\cuda\v9.0\include\crt\math_functions.h(4417): warning C4819: 현재 코드 페이지(949)에서 표시할 수 없는 문자가 파일에 들어 있습니다. 데이터가 손실되지 않게 하려면 해당 파일을 유니코드 형식으로 저장하십시오.
c:\program files\nvidia gpu computing toolkit\cuda\v9.0\include\crt\math_functions.h(5319): warning C4819: 현재 코드 페이지(949)에서 표시할 수 없는 문자가 파일에 들어 있습니다. 데이터가 손실되지 않게 하려면 해당 파일을 유니코드 형식으로 저장하십시오.
c:\program files\nvidia gpu computing toolkit\cuda\v9.0\include\crt\math_functions.h(6229): warning C4819: 현재 코드 페이지(949)에서 표시할 수 없는 문자가 파일에 들어 있습니다. 데이터가 손실되지 않게 하려면 해당 파일을 유니코드 형식으로 저장하십시오.
c:\program files\nvidia gpu computing toolkit\cuda\v9.0\include\crt\math_functions.h(7104): warning C4819: 현재 코드 페이지(949)에서 표시할 수 없는 문자가 파일에 들어 있습니다. 데이터가 손실되지 않게 하려면 해당 파일을 유니코드 형식으로 저장하십시오.
c:\program files\nvidia gpu computing toolkit\cuda\v9.0\include\crt\math_functions.h(7914): warning C4819: 현재 코드 페이지(949)에서 표시할 수 없는 문자가 파일에 들어 있습니다. 데이터가 손실되지 않게 하려면 해당 파일을 유니코드 형식으로 저장하십시오.
c:\program files\nvidia gpu computing toolkit\cuda\v9.0\include\crt/device_functions.h : warning C4819: 현재 코드 페이지(949)에서 표시할 수 없는 문자가 파일에 들어 있습니다. 데이터가 손실되지 않게 하려면 해당 파일을 유니코드 형식으로 저장하십시오.
c:\program files\nvidia gpu computing toolkit\cuda\v9.0\include\crt/device_functions.h(776): warning C4819: 현재 코드 페이지(949)에서 표시할 수 없는 문자가 파일에 들어 있습니다. 데이터가 손실되지 않게 하려면 해당 파일을 유니코드 형식으로 저장하십시오.
c:\program files\nvidia gpu computing toolkit\cuda\v9.0\include\crt/device_functions.h(1636): warning C4819: 현재 코드 페이지(949)에서 표시할 수 없는 문자가 파일에 들어 있습니다. 데이터가 손실되지 않게 하려면 해당 파일을 유니코드 형식으로 저장하십시오.
c:\program files\nvidia gpu computing toolkit\cuda\v9.0\include\crt\device_double_functions.h : warning C4819: 현재 코드 페이지(949)에서 표시할 수 없는 문자가 파일에 들어 있습니다. 데이터가 손실되지 않게 하려면 해당 파일을 유니코드 형식으로 저장하십시오.
c:\program files\nvidia gpu computing toolkit\cuda\v9.0\include\sm_20_intrinsics.h : warning C4819: 현재 코드 페이지(949)에서 표시할 수 없는 문자가 파일에 들어 있습니다. 데이터가 손실되지 않게 하려면 해당 파일을 유니코드 형식으로 저장하십시오.
c:\program files\nvidia gpu computing toolkit\cuda\v9.0\include\sm_20_intrinsics.h(925): warning C4819: 현재 코드 페이지(949)에서 표시할 수 없는 문자가 파일에 들어 있습니다. 데이터가 손실되지 않게 하려면 해당 파일을 유니코드 형식으로 저장하십시오.
c:\program files\nvidia gpu computing toolkit\cuda\v9.0\include\crt\math_functions.h : warning C4819: 현재 코드 페이지(949)에서 표시할 수 없는 문자가 파일에 들어 있습니다. 데이터가 손실되지 않게 하려면 해당 파일을 유니코드 형식으로 저장하십시오.
c:\program files\nvidia gpu computing toolkit\cuda\v9.0\include\crt\math_functions.h(838): warning C4819: 현재 코드 페이지(949)에서 표시할 수 없는 문자가 파일에 들어 있습니다. 데이터가 손실되지 않게 하려면 해당 파일을 유니코드 형식으로 저장하십시오.
c:\program files\nvidia gpu computing toolkit\cuda\v9.0\include\crt\math_functions.h(1772): warning C4819: 현재 코드 페이지(949)에서 표시할 수 없는 문자가 파일에 들어 있습니다. 데이터가 손실되지 않게 하려면 해당 파일을 유니코드 형식으로 저장하십시오.
c:\program files\nvidia gpu computing toolkit\cuda\v9.0\include\crt\math_functions.h(2628): warning C4819: 현재 코드 페이지(949)에서 표시할 수 없는 문자가 파일에 들어 있습니다. 데이터가 손실되지 않게 하려면 해당 파일을 유니코드 형식으로 저장하십시오.
c:\program files\nvidia gpu computing toolkit\cuda\v9.0\include\crt\math_functions.h(3477): warning C4819: 현재 코드 페이지(949)에서 표시할 수 없는 문자가 파일에 들어 있습니다. 데이터가 손실되지 않게 하려면 해당 파일을 유니코드 형식으로 저장하십시오.
c:\program files\nvidia gpu computing toolkit\cuda\v9.0\include\crt\math_functions.h(4417): warning C4819: 현재 코드 페이지(949)에서 표시할 수 없는 문자가 파일에 들어 있습니다. 데이터가 손실되지 않게 하려면 해당 파일을 유니코드 형식으로 저장하십시오.
c:\program files\nvidia gpu computing toolkit\cuda\v9.0\include\crt\math_functions.h(5319): warning C4819: 현재 코드 페이지(949)에서 표시할 수 없는 문자가 파일에 들어 있습니다. 데이터가 손실되지 않게 하려면 해당 파일을 유니코드 형식으로 저장하십시오.
c:\program files\nvidia gpu computing toolkit\cuda\v9.0\include\crt\math_functions.h(6229): warning C4819: 현재 코드 페이지(949)에서 표시할 수 없는 문자가 파일에 들어 있습니다. 데이터가 손실되지 않게 하려면 해당 파일을 유니코드 형식으로 저장하십시오.
c:\program files\nvidia gpu computing toolkit\cuda\v9.0\include\crt\math_functions.h(7104): warning C4819: 현재 코드 페이지(949)에서 표시할 수 없는 문자가 파일에 들어 있습니다. 데이터가 손실되지 않게 하려면 해당 파일을 유니코드 형식으로 저장하십시오.
c:\program files\nvidia gpu computing toolkit\cuda\v9.0\include\crt\math_functions.h(7914): warning C4819: 현재 코드 페이지(949)에서 표시할 수 없는 문자가 파일에 들어 있습니다. 데이터가 손실되지 않게 하려면 해당 파일을 유니코드 형식으로 저장하십시오.
c:\program files\nvidia gpu computing toolkit\cuda\v9.0\include\crt/device_functions.h : warning C4819: 현재 코드 페이지(949)에서 표시할 수 없는 문자가 파일에 들어 있습니다. 데이터가 손실되지 않게 하려면 해당 파일을 유니코드 형식으로 저장하십시오.
c:\program files\nvidia gpu computing toolkit\cuda\v9.0\include\crt/device_functions.h(776): warning C4819: 현재 코드 페이지(949)에서 표시할 수 없는 문자가 파일에 들어 있습니다. 데이터가 손실되지 않게 하려면 해당 파일을 유니코드 형식으로 저장하십시오.
c:\program files\nvidia gpu computing toolkit\cuda\v9.0\include\crt/device_functions.h(1636): warning C4819: 현재 코드 페이지(949)에서 표시할 수 없는 문자가 파일에 들어 있습니다. 데이터가 손실되지 않게 하려면 해당 파일을 유니코드 형식으로 저장하십시오.
c:\program files\nvidia gpu computing toolkit\cuda\v9.0\include\crt\device_double_functions.h : warning C4819: 현재 코드 페이지(949)에서 표시할 수 없는 문자가 파일에 들어 있습니다. 데이터가 손실되지 않게 하려면 해당 파일을 유니코드 형식으로 저장하십시오.
c:\program files\nvidia gpu computing toolkit\cuda\v9.0\include\sm_20_intrinsics.h : warning C4819: 현재 코드 페이지(949)에서 표시할 수 없는 문자가 파일에 들어 있습니다. 데이터가 손실되지 않게 하려면 해당 파일을 유니코드 형식으로 저장하십시오.
c:\program files\nvidia gpu computing toolkit\cuda\v9.0\include\sm_20_intrinsics.h(925): warning C4819: 현재 코드 페이지(949)에서 표시할 수 없는 문자가 파일에 들어 있습니다. 데이터가 손실되지 않게 하려면 해당 파일을 유니코드 형식으로 저장하십시오.
c:/Users/administrator/documents/visual studio 2015/Projects/gpuProgramming/Section2/kernel.cu(37): warning : variable "index" was declared but never referenced
c:\program files\nvidia gpu computing toolkit\cuda\v9.0\include\crt\math_functions.h : warning C4819: 현재 코드 페이지(949)에서 표시할 수 없는 문자가 파일에 들어 있습니다. 데이터가 손실되지 않게 하려면 해당 파일을 유니코드 형식으로 저장하십시오.
c:\program files\nvidia gpu computing toolkit\cuda\v9.0\include\crt\math_functions.h(838): warning C4819: 현재 코드 페이지(949)에서 표시할 수 없는 문자가 파일에 들어 있습니다. 데이터가 손실되지 않게 하려면 해당 파일을 유니코드 형식으로 저장하십시오.
c:\program files\nvidia gpu computing toolkit\cuda\v9.0\include\crt\math_functions.h(1772): warning C4819: 현재 코드 페이지(949)에서 표시할 수 없는 문자가 파일에 들어 있습니다. 데이터가 손실되지 않게 하려면 해당 파일을 유니코드 형식으로 저장하십시오.
c:\program files\nvidia gpu computing toolkit\cuda\v9.0\include\crt\math_functions.h(2628): warning C4819: 현재 코드 페이지(949)에서 표시할 수 없는 문자가 파일에 들어 있습니다. 데이터가 손실되지 않게 하려면 해당 파일을 유니코드 형식으로 저장하십시오.
c:\program files\nvidia gpu computing toolkit\cuda\v9.0\include\crt\math_functions.h(3477): warning C4819: 현재 코드 페이지(949)에서 표시할 수 없는 문자가 파일에 들어 있습니다. 데이터가 손실되지 않게 하려면 해당 파일을 유니코드 형식으로 저장하십시오.
c:\program files\nvidia gpu computing toolkit\cuda\v9.0\include\crt\math_functions.h(4417): warning C4819: 현재 코드 페이지(949)에서 표시할 수 없는 문자가 파일에 들어 있습니다. 데이터가 손실되지 않게 하려면 해당 파일을 유니코드 형식으로 저장하십시오.
c:\program files\nvidia gpu computing toolkit\cuda\v9.0\include\crt\math_functions.h(5319): warning C4819: 현재 코드 페이지(949)에서 표시할 수 없는 문자가 파일에 들어 있습니다. 데이터가 손실되지 않게 하려면 해당 파일을 유니코드 형식으로 저장하십시오.
c:\program files\nvidia gpu computing toolkit\cuda\v9.0\include\crt\math_functions.h(6229): warning C4819: 현재 코드 페이지(949)에서 표시할 수 없는 문자가 파일에 들어 있습니다. 데이터가 손실되지 않게 하려면 해당 파일을 유니코드 형식으로 저장하십시오.
c:\program files\nvidia gpu computing toolkit\cuda\v9.0\include\crt\math_functions.h(7104): warning C4819: 현재 코드 페이지(949)에서 표시할 수 없는 문자가 파일에 들어 있습니다. 데이터가 손실되지 않게 하려면 해당 파일을 유니코드 형식으로 저장하십시오.
c:\program files\nvidia gpu computing toolkit\cuda\v9.0\include\crt\math_functions.h(7914): warning C4819: 현재 코드 페이지(949)에서 표시할 수 없는 문자가 파일에 들어 있습니다. 데이터가 손실되지 않게 하려면 해당 파일을 유니코드 형식으로 저장하십시오.
c:\program files\nvidia gpu computing toolkit\cuda\v9.0\include\crt/device_functions.h : warning C4819: 현재 코드 페이지(949)에서 표시할 수 없는 문자가 파일에 들어 있습니다. 데이터가 손실되지 않게 하려면 해당 파일을 유니코드 형식으로 저장하십시오.
c:\program files\nvidia gpu computing toolkit\cuda\v9.0\include\crt/device_functions.h(776): warning C4819: 현재 코드 페이지(949)에서 표시할 수 없는 문자가 파일에 들어 있습니다. 데이터가 손실되지 않게 하려면 해당 파일을 유니코드 형식으로 저장하십시오.
c:\program files\nvidia gpu computing toolkit\cuda\v9.0\include\crt/device_functions.h(1636): warning C4819: 현재 코드 페이지(949)에서 표시할 수 없는 문자가 파일에 들어 있습니다. 데이터가 손실되지 않게 하려면 해당 파일을 유니코드 형식으로 저장하십시오.
c:\program files\nvidia gpu computing toolkit\cuda\v9.0\include\crt\device_double_functions.h : warning C4819: 현재 코드 페이지(949)에서 표시할 수 없는 문자가 파일에 들어 있습니다. 데이터가 손실되지 않게 하려면 해당 파일을 유니코드 형식으로 저장하십시오.
c:\program files\nvidia gpu computing toolkit\cuda\v9.0\include\sm_20_intrinsics.h : warning C4819: 현재 코드 페이지(949)에서 표시할 수 없는 문자가 파일에 들어 있습니다. 데이터가 손실되지 않게 하려면 해당 파일을 유니코드 형식으로 저장하십시오.
c:\program files\nvidia gpu computing toolkit\cuda\v9.0\include\sm_20_intrinsics.h(925): warning C4819: 현재 코드 페이지(949)에서 표시할 수 없는 문자가 파일에 들어 있습니다. 데이터가 손실되지 않게 하려면 해당 파일을 유니코드 형식으로 저장하십시오.
c:\program files\nvidia gpu computing toolkit\cuda\v9.0\include\crt\math_functions.h : warning C4819: 현재 코드 페이지(949)에서 표시할 수 없는 문자가 파일에 들어 있습니다. 데이터가 손실되지 않게 하려면 해당 파일을 유니코드 형식으로 저장하십시오.
c:\program files\nvidia gpu computing toolkit\cuda\v9.0\include\crt\math_functions.h(838): warning C4819: 현재 코드 페이지(949)에서 표시할 수 없는 문자가 파일에 들어 있습니다. 데이터가 손실되지 않게 하려면 해당 파일을 유니코드 형식으로 저장하십시오.
c:\program files\nvidia gpu computing toolkit\cuda\v9.0\include\crt\math_functions.h(1772): warning C4819: 현재 코드 페이지(949)에서 표시할 수 없는 문자가 파일에 들어 있습니다. 데이터가 손실되지 않게 하려면 해당 파일을 유니코드 형식으로 저장하십시오.
c:\program files\nvidia gpu computing toolkit\cuda\v9.0\include\crt\math_functions.h(2628): warning C4819: 현재 코드 페이지(949)에서 표시할 수 없는 문자가 파일에 들어 있습니다. 데이터가 손실되지 않게 하려면 해당 파일을 유니코드 형식으로 저장하십시오.
c:\program files\nvidia gpu computing toolkit\cuda\v9.0\include\crt\math_functions.h(3477): warning C4819: 현재 코드 페이지(949)에서 표시할 수 없는 문자가 파일에 들어 있습니다. 데이터가 손실되지 않게 하려면 해당 파일을 유니코드 형식으로 저장하십시오.
c:\program files\nvidia gpu computing toolkit\cuda\v9.0\include\crt\math_functions.h(4417): warning C4819: 현재 코드 페이지(949)에서 표시할 수 없는 문자가 파일에 들어 있습니다. 데이터가 손실되지 않게 하려면 해당 파일을 유니코드 형식으로 저장하십시오.
c:\program files\nvidia gpu computing toolkit\cuda\v9.0\include\crt\math_functions.h(5319): warning C4819: 현재 코드 페이지(949)에서 표시할 수 없는 문자가 파일에 들어 있습니다. 데이터가 손실되지 않게 하려면 해당 파일을 유니코드 형식으로 저장하십시오.
c:\program files\nvidia gpu computing toolkit\cuda\v9.0\include\crt\math_functions.h(6229): warning C4819: 현재 코드 페이지(949)에서 표시할 수 없는 문자가 파일에 들어 있습니다. 데이터가 손실되지 않게 하려면 해당 파일을 유니코드 형식으로 저장하십시오.
c:\program files\nvidia gpu computing toolkit\cuda\v9.0\include\crt\math_functions.h(7104): warning C4819: 현재 코드 페이지(949)에서 표시할 수 없는 문자가 파일에 들어 있습니다. 데이터가 손실되지 않게 하려면 해당 파일을 유니코드 형식으로 저장하십시오.
c:\program files\nvidia gpu computing toolkit\cuda\v9.0\include\crt\math_functions.h(7914): warning C4819: 현재 코드 페이지(949)에서 표시할 수 없는 문자가 파일에 들어 있습니다. 데이터가 손실되지 않게 하려면 해당 파일을 유니코드 형식으로 저장하십시오.
c:\program files\nvidia gpu computing toolkit\cuda\v9.0\include\crt/device_functions.h : warning C4819: 현재 코드 페이지(949)에서 표시할 수 없는 문자가 파일에 들어 있습니다. 데이터가 손실되지 않게 하려면 해당 파일을 유니코드 형식으로 저장하십시오.
c:\program files\nvidia gpu computing toolkit\cuda\v9.0\include\crt/device_functions.h(776): warning C4819: 현재 코드 페이지(949)에서 표시할 수 없는 문자가 파일에 들어 있습니다. 데이터가 손실되지 않게 하려면 해당 파일을 유니코드 형식으로 저장하십시오.
c:\program files\nvidia gpu computing toolkit\cuda\v9.0\include\crt/device_functions.h(1636): warning C4819: 현재 코드 페이지(949)에서 표시할 수 없는 문자가 파일에 들어 있습니다. 데이터가 손실되지 않게 하려면 해당 파일을 유니코드 형식으로 저장하십시오.
c:\program files\nvidia gpu computing toolkit\cuda\v9.0\include\crt\device_double_functions.h : warning C4819: 현재 코드 페이지(949)에서 표시할 수 없는 문자가 파일에 들어 있습니다. 데이터가 손실되지 않게 하려면 해당 파일을 유니코드 형식으로 저장하십시오.
c:\program files\nvidia gpu computing toolkit\cuda\v9.0\include\sm_20_intrinsics.h : warning C4819: 현재 코드 페이지(949)에서 표시할 수 없는 문자가 파일에 들어 있습니다. 데이터가 손실되지 않게 하려면 해당 파일을 유니코드 형식으로 저장하십시오.
c:\program files\nvidia gpu computing toolkit\cuda\v9.0\include\sm_20_intrinsics.h(925): warning C4819: 현재 코드 페이지(949)에서 표시할 수 없는 문자가 파일에 들어 있습니다. 데이터가 손실되지 않게 하려면 해당 파일을 유니코드 형식으로 저장하십시오.
c:/Users/administrator/documents/visual studio 2015/Projects/gpuProgramming/Section2/kernel.cu(37): warning : variable "index" was declared but never referenced
  kernel.cu
  main.cu
c:/Users/administrator/documents/visual studio 2015/Projects/gpuProgramming/Section2/kernel.cu(23): warning C4244: '초기화 중': 'double'에서 'int'(으)로 변환하면서 데이터가 손실될 수 있습니다.
c:\program files\nvidia gpu computing toolkit\cuda\v9.0\include\crt\math_functions.h : warning C4819: 현재 코드 페이지(949)에서 표시할 수 없는 문자가 파일에 들어 있습니다. 데이터가 손실되지 않게 하려면 해당 파일을 유니코드 형식으로 저장하십시오.
c:\program files\nvidia gpu computing toolkit\cuda\v9.0\include\crt\math_functions.h(838): warning C4819: 현재 코드 페이지(949)에서 표시할 수 없는 문자가 파일에 들어 있습니다. 데이터가 손실되지 않게 하려면 해당 파일을 유니코드 형식으로 저장하십시오.
c:\program files\nvidia gpu computing toolkit\cuda\v9.0\include\crt\math_functions.h(1772): warning C4819: 현재 코드 페이지(949)에서 표시할 수 없는 문자가 파일에 들어 있습니다. 데이터가 손실되지 않게 하려면 해당 파일을 유니코드 형식으로 저장하십시오.
c:\program files\nvidia gpu computing toolkit\cuda\v9.0\include\crt\math_functions.h(2628): warning C4819: 현재 코드 페이지(949)에서 표시할 수 없는 문자가 파일에 들어 있습니다. 데이터가 손실되지 않게 하려면 해당 파일을 유니코드 형식으로 저장하십시오.
c:\program files\nvidia gpu computing toolkit\cuda\v9.0\include\crt\math_functions.h(3477): warning C4819: 현재 코드 페이지(949)에서 표시할 수 없는 문자가 파일에 들어 있습니다. 데이터가 손실되지 않게 하려면 해당 파일을 유니코드 형식으로 저장하십시오.
c:\program files\nvidia gpu computing toolkit\cuda\v9.0\include\crt\math_functions.h(4417): warning C4819: 현재 코드 페이지(949)에서 표시할 수 없는 문자가 파일에 들어 있습니다. 데이터가 손실되지 않게 하려면 해당 파일을 유니코드 형식으로 저장하십시오.
c:\program files\nvidia gpu computing toolkit\cuda\v9.0\include\crt\math_functions.h(5319): warning C4819: 현재 코드 페이지(949)에서 표시할 수 없는 문자가 파일에 들어 있습니다. 데이터가 손실되지 않게 하려면 해당 파일을 유니코드 형식으로 저장하십시오.
c:\program files\nvidia gpu computing toolkit\cuda\v9.0\include\crt\math_functions.h(6229): warning C4819: 현재 코드 페이지(949)에서 표시할 수 없는 문자가 파일에 들어 있습니다. 데이터가 손실되지 않게 하려면 해당 파일을 유니코드 형식으로 저장하십시오.
c:\program files\nvidia gpu computing toolkit\cuda\v9.0\include\crt\math_functions.h(7104): warning C4819: 현재 코드 페이지(949)에서 표시할 수 없는 문자가 파일에 들어 있습니다. 데이터가 손실되지 않게 하려면 해당 파일을 유니코드 형식으로 저장하십시오.
c:\program files\nvidia gpu computing toolkit\cuda\v9.0\include\crt\math_functions.h(7914): warning C4819: 현재 코드 페이지(949)에서 표시할 수 없는 문자가 파일에 들어 있습니다. 데이터가 손실되지 않게 하려면 해당 파일을 유니코드 형식으로 저장하십시오.
c:\program files\nvidia gpu computing toolkit\cuda\v9.0\include\crt\math_functions.h : warning C4819: 현재 코드 페이지(949)에서 표시할 수 없는 문자가 파일에 들어 있습니다. 데이터가 손실되지 않게 하려면 해당 파일을 유니코드 형식으로 저장하십시오.
c:\program files\nvidia gpu computing toolkit\cuda\v9.0\include\crt\math_functions.h(838): warning C4819: 현재 코드 페이지(949)에서 표시할 수 없는 문자가 파일에 들어 있습니다. 데이터가 손실되지 않게 하려면 해당 파일을 유니코드 형식으로 저장하십시오.
c:\program files\nvidia gpu computing toolkit\cuda\v9.0\include\crt\math_functions.h(1772): warning C4819: 현재 코드 페이지(949)에서 표시할 수 없는 문자가 파일에 들어 있습니다. 데이터가 손실되지 않게 하려면 해당 파일을 유니코드 형식으로 저장하십시오.
c:\program files\nvidia gpu computing toolkit\cuda\v9.0\include\crt\math_functions.h(2628): warning C4819: 현재 코드 페이지(949)에서 표시할 수 없는 문자가 파일에 들어 있습니다. 데이터가 손실되지 않게 하려면 해당 파일을 유니코드 형식으로 저장하십시오.
c:\program files\nvidia gpu computing toolkit\cuda\v9.0\include\crt\math_functions.h(3477): warning C4819: 현재 코드 페이지(949)에서 표시할 수 없는 문자가 파일에 들어 있습니다. 데이터가 손실되지 않게 하려면 해당 파일을 유니코드 형식으로 저장하십시오.
c:\program files\nvidia gpu computing toolkit\cuda\v9.0\include\crt\math_functions.h(4417): warning C4819: 현재 코드 페이지(949)에서 표시할 수 없는 문자가 파일에 들어 있습니다. 데이터가 손실되지 않게 하려면 해당 파일을 유니코드 형식으로 저장하십시오.
c:\program files\nvidia gpu computing toolkit\cuda\v9.0\include\crt\math_functions.h(5319): warning C4819: 현재 코드 페이지(949)에서 표시할 수 없는 문자가 파일에 들어 있습니다. 데이터가 손실되지 않게 하려면 해당 파일을 유니코드 형식으로 저장하십시오.
c:\program files\nvidia gpu computing toolkit\cuda\v9.0\include\crt\math_functions.h(6229): warning C4819: 현재 코드 페이지(949)에서 표시할 수 없는 문자가 파일에 들어 있습니다. 데이터가 손실되지 않게 하려면 해당 파일을 유니코드 형식으로 저장하십시오.
c:\program files\nvidia gpu computing toolkit\cuda\v9.0\include\crt\math_functions.h(7104): warning C4819: 현재 코드 페이지(949)에서 표시할 수 없는 문자가 파일에 들어 있습니다. 데이터가 손실되지 않게 하려면 해당 파일을 유니코드 형식으로 저장하십시오.
c:\program files\nvidia gpu computing toolkit\cuda\v9.0\include\crt\math_functions.h(7914): warning C4819: 현재 코드 페이지(949)에서 표시할 수 없는 문자가 파일에 들어 있습니다. 데이터가 손실되지 않게 하려면 해당 파일을 유니코드 형식으로 저장하십시오.
  Section2.vcxproj -> c:\users\administrator\documents\visual studio 2015\Projects\gpuProgramming\x64\Debug\Section2.exe
  Section2.vcxproj -> c:\users\administrator\documents\visual studio 2015\Projects\gpuProgramming\x64\Debug\Section2.pdb (Full PDB)
  copy "C:\Program Files\NVIDIA GPU Computing Toolkit\CUDA\v9.0\bin\cudart*.dll" "c:\users\administrator\documents\visual studio 2015\Projects\gpuProgramming\x64\Debug\"
  C:\Program Files\NVIDIA GPU Computing Toolkit\CUDA\v9.0\bin\cudart32_90.dll
  C:\Program Files\NVIDIA GPU Computing Toolkit\CUDA\v9.0\bin\cudart64_90.dll
          2개 파일이 복사되었습니다.
